2024-01-18T16:09:24.868+09:00  INFO 84942 --- [APPS] [restartedMain] com.example.demo.DemoApplication         : Starting DemoApplication using Java 17.0.9 with PID 84942 (/Users/kdg1986/develop/YB-Prdt/test/spring/demo/bin/main started by kdg1986 in /Users/kdg1986/develop/YB-Prdt/test/spring/demo)
2024-01-18T16:09:24.868+09:00  INFO 84942 --- [APPS] [restartedMain] com.example.demo.DemoApplication         : No active profile set, falling back to 1 default profile: "default"
2024-01-18T16:09:24.950+09:00  INFO 84942 --- [APPS] [restartedMain] o.s.b.w.embedded.tomcat.TomcatWebServer  : Tomcat initialized with port 8080 (http)
2024-01-18T16:09:24.951+09:00  INFO 84942 --- [APPS] [restartedMain] o.apache.catalina.core.StandardService   : Starting service [Tomcat]
2024-01-18T16:09:24.951+09:00  INFO 84942 --- [APPS] [restartedMain] o.apache.catalina.core.StandardEngine    : Starting Servlet engine: [Apache Tomcat/10.1.17]
2024-01-18T16:09:24.956+09:00  INFO 84942 --- [APPS] [restartedMain] o.a.c.c.C.[Tomcat].[localhost].[/]       : Initializing Spring embedded WebApplicationContext
2024-01-18T16:09:24.956+09:00  INFO 84942 --- [APPS] [restartedMain] w.s.c.ServletWebServerApplicationContext : Root WebApplicationContext: initialization completed in 87 ms
2024-01-18T16:09:24.993+09:00  INFO 84942 --- [APPS] [restartedMain] o.s.b.d.a.OptionalLiveReloadServer       : LiveReload server is running on port 35729
2024-01-18T16:09:24.997+09:00  INFO 84942 --- [APPS] [restartedMain] o.s.b.w.embedded.tomcat.TomcatWebServer  : Tomcat started on port 8080 (http) with context path '/'
2024-01-18T16:09:24.999+09:00  INFO 84942 --- [APPS] [restartedMain] com.example.demo.DemoApplication         : Started DemoApplication in 0.154 seconds (process running for 41.934)
2024-01-18T16:09:25.000+09:00  INFO 84942 --- [APPS] [restartedMain] .ConditionEvaluationDeltaLoggingListener : Condition evaluation unchanged
2024-01-18T16:09:26.493+09:00  INFO 85183 --- [APPS] [restartedMain] com.example.demo.DemoApplication         : Starting DemoApplication using Java 17.0.9 with PID 85183 (/Users/kdg1986/develop/YB-Prdt/test/spring/demo/bin/main started by kdg1986 in /Users/kdg1986/develop/YB-Prdt/test/spring/demo)
2024-01-18T16:09:26.494+09:00  INFO 85183 --- [APPS] [restartedMain] com.example.demo.DemoApplication         : No active profile set, falling back to 1 default profile: "default"
2024-01-18T16:09:26.519+09:00  INFO 85183 --- [APPS] [restartedMain] .e.DevToolsPropertyDefaultsPostProcessor : Devtools property defaults active! Set 'spring.devtools.add-properties' to 'false' to disable
2024-01-18T16:09:26.519+09:00  INFO 85183 --- [APPS] [restartedMain] .e.DevToolsPropertyDefaultsPostProcessor : For additional web related logging consider setting the 'logging.level.web' property to 'DEBUG'
2024-01-18T16:09:26.940+09:00  INFO 85183 --- [APPS] [restartedMain] o.s.b.w.embedded.tomcat.TomcatWebServer  : Tomcat initialized with port 8080 (http)
2024-01-18T16:09:26.947+09:00  INFO 85183 --- [APPS] [restartedMain] o.apache.catalina.core.StandardService   : Starting service [Tomcat]
2024-01-18T16:09:26.947+09:00  INFO 85183 --- [APPS] [restartedMain] o.apache.catalina.core.StandardEngine    : Starting Servlet engine: [Apache Tomcat/10.1.17]
2024-01-18T16:09:26.972+09:00  INFO 85183 --- [APPS] [restartedMain] o.a.c.c.C.[Tomcat].[localhost].[/]       : Initializing Spring embedded WebApplicationContext
2024-01-18T16:09:26.972+09:00  INFO 85183 --- [APPS] [restartedMain] w.s.c.ServletWebServerApplicationContext : Root WebApplicationContext: initialization completed in 452 ms
2024-01-18T16:09:27.138+09:00  INFO 85183 --- [APPS] [restartedMain] o.s.b.d.a.OptionalLiveReloadServer       : LiveReload server is running on port 35729
2024-01-18T16:09:27.150+09:00  INFO 85183 --- [APPS] [restartedMain] o.s.b.w.embedded.tomcat.TomcatWebServer  : Tomcat started on port 8080 (http) with context path '/'
2024-01-18T16:09:27.155+09:00  INFO 85183 --- [APPS] [restartedMain] com.example.demo.DemoApplication         : Started DemoApplication in 0.829 seconds (process running for 1.016)
